<?xml version="1.0" encoding="UTF-8"?>
<!-- Generated by org.testng.reporters.JUnitXMLReporter -->
<testsuite ignored="0" hostname="Jashwin-PC" failures="0" tests="2" name="Integration Test Cases" time="43.107" errors="0" timestamp="2025-06-16T23:21:13 EDT">
  <testcase classname="amzpackage.AmazonProject.TestCase1_LoginToAmazonLogout" name="withvalidvredentails" time="10.472"/>
  <testcase classname="amzpackage.AmazonProject.TestCase2_AddToCart" name="withvalidvredentails" time="21.047"/>
</testsuite> <!-- Integration Test Cases -->
