<?xml version="1.0" encoding="UTF-8"?>
<testng-results ignored="0" total="2" passed="2" failed="0" skipped="0">
  <reporter-output>
  </reporter-output>
  <suite started-at="2025-06-16T23:20:30 EDT" name="Integration Suite" finished-at="2025-06-16T23:21:13 EDT" duration-ms="43107">
    <groups>
    </groups>
    <test started-at="2025-06-16T23:20:30 EDT" name="Integration Test Cases" finished-at="2025-06-16T23:21:13 EDT" duration-ms="43107">
      <class name="amzpackage.AmazonProject.TestCase1_LoginToAmazonLogout">
        <test-method is-config="true" signature="browserlaunch()[pri:0, instance:amzpackage.AmazonProject.TestCase1_LoginToAmazonLogout@36902638]" started-at="2025-06-16T23:20:30 EDT" name="browserlaunch" finished-at="2025-06-16T23:20:32 EDT" duration-ms="2618" status="PASS">
          <reporter-output>
          </reporter-output>
        </test-method> <!-- browserlaunch -->
        <test-method signature="withvalidvredentails()[pri:0, instance:amzpackage.AmazonProject.TestCase1_LoginToAmazonLogout@36902638]" started-at="2025-06-16T23:20:32 EDT" name="withvalidvredentails" finished-at="2025-06-16T23:20:43 EDT" duration-ms="10472" status="PASS">
          <reporter-output>
          </reporter-output>
        </test-method> <!-- withvalidvredentails -->
        <test-method is-config="true" signature="browserquit()[pri:0, instance:amzpackage.AmazonProject.TestCase1_LoginToAmazonLogout@36902638]" started-at="2025-06-16T23:20:43 EDT" name="browserquit" finished-at="2025-06-16T23:20:46 EDT" duration-ms="3007" status="PASS">
          <reporter-output>
          </reporter-output>
        </test-method> <!-- browserquit -->
      </class> <!-- amzpackage.AmazonProject.TestCase1_LoginToAmazonLogout -->
      <class name="amzpackage.AmazonProject.TestCase2_AddToCart">
        <test-method is-config="true" signature="browserlaunch()[pri:0, instance:amzpackage.AmazonProject.TestCase2_AddToCart@128d2484]" started-at="2025-06-16T23:20:46 EDT" name="browserlaunch" finished-at="2025-06-16T23:20:49 EDT" duration-ms="2897" status="PASS">
          <reporter-output>
          </reporter-output>
        </test-method> <!-- browserlaunch -->
        <test-method signature="withvalidvredentails()[pri:0, instance:amzpackage.AmazonProject.TestCase2_AddToCart@128d2484]" started-at="2025-06-16T23:20:49 EDT" name="withvalidvredentails" finished-at="2025-06-16T23:21:10 EDT" duration-ms="21047" status="PASS">
          <reporter-output>
          </reporter-output>
        </test-method> <!-- withvalidvredentails -->
        <test-method is-config="true" signature="browserquit()[pri:0, instance:amzpackage.AmazonProject.TestCase2_AddToCart@128d2484]" started-at="2025-06-16T23:21:10 EDT" name="browserquit" finished-at="2025-06-16T23:21:13 EDT" duration-ms="3016" status="PASS">
          <reporter-output>
          </reporter-output>
        </test-method> <!-- browserquit -->
      </class> <!-- amzpackage.AmazonProject.TestCase2_AddToCart -->
    </test> <!-- Integration Test Cases -->
  </suite> <!-- Integration Suite -->
</testng-results>
