<?xml version="1.0" encoding="UTF-8"?>
<testng-results ignored="0" total="1" passed="1" failed="0" skipped="0">
  <reporter-output>
  </reporter-output>
  <suite started-at="2025-06-16T23:19:50 EDT" name="Default suite" finished-at="2025-06-16T23:20:10 EDT" duration-ms="19605">
    <groups>
    </groups>
    <test started-at="2025-06-16T23:19:50 EDT" name="Default test" finished-at="2025-06-16T23:20:10 EDT" duration-ms="19605">
      <class name="amzpackage.AmazonProject.TestCase2_AddToCart">
        <test-method is-config="true" signature="browserlaunch()[pri:0, instance:amzpackage.AmazonProject.TestCase2_AddToCart@3cd3e762]" started-at="2025-06-16T23:19:50 EDT" name="browserlaunch" finished-at="2025-06-16T23:19:54 EDT" duration-ms="3814" status="PASS">
          <reporter-output>
          </reporter-output>
        </test-method> <!-- browserlaunch -->
        <test-method signature="withvalidvredentails()[pri:0, instance:amzpackage.AmazonProject.TestCase2_AddToCart@3cd3e762]" started-at="2025-06-16T23:19:54 EDT" name="withvalidvredentails" finished-at="2025-06-16T23:20:07 EDT" duration-ms="12733" status="PASS">
          <reporter-output>
          </reporter-output>
        </test-method> <!-- withvalidvredentails -->
        <test-method is-config="true" signature="browserquit()[pri:0, instance:amzpackage.AmazonProject.TestCase2_AddToCart@3cd3e762]" started-at="2025-06-16T23:20:07 EDT" name="browserquit" finished-at="2025-06-16T23:20:10 EDT" duration-ms="3013" status="PASS">
          <reporter-output>
          </reporter-output>
        </test-method> <!-- browserquit -->
      </class> <!-- amzpackage.AmazonProject.TestCase2_AddToCart -->
    </test> <!-- Default test -->
  </suite> <!-- Default suite -->
</testng-results>
